This is pdfTeX, Version 3.1415926-2.4-1.40.13 (MiKTeX 2.9) (preloaded format=pdflatex 2013.5.28)  12 JAN 2015 22:30
entering extended mode
**D:/SkyDrive/dyplom*mgr/praca*latex/main.tex
("D:/SkyDrive/dyplom mgr/praca latex/main.tex"
LaTeX2e <2011/06/27>
Babel <v3.8m> and hyphenation patterns for english, afrikaans, ancientgreek, ar
abic, armenian, assamese, basque, bengali, bokmal, bulgarian, catalan, coptic, 
croatian, czech, danish, dutch, esperanto, estonian, farsi, finnish, french, ga
lician, german, german-x-2012-05-30, greek, gujarati, hindi, hungarian, iceland
ic, indonesian, interlingua, irish, italian, kannada, kurmanji, latin, latvian,
 lithuanian, malayalam, marathi, mongolian, mongolianlmc, monogreek, ngerman, n
german-x-2012-05-30, nynorsk, oriya, panjabi, pinyin, polish, portuguese, roman
ian, russian, sanskrit, serbian, slovak, slovenian, spanish, swedish, swissgerm
an, tamil, telugu, turkish, turkmen, ukenglish, ukrainian, uppersorbian, usengl
ishmax, welsh, loaded.
("D:\SkyDrive\dyplom mgr\praca latex\iisthesis.cls"
Document Class: iisthesis 2006/05/21
("D:\Program Files\_tex\miktex-portable-2.9.4757\tex\latex\float\float.sty"
Package: float 2001/11/08 v1.3d Float enhancements (AL)
\c@float@type=\count79
\float@exts=\toks14
\float@box=\box26
\@float@everytoks=\toks15
\@floatcapt=\box27
)
("D:\Program Files\_tex\miktex-portable-2.9.4757\tex\latex\mwcls\mwbk.cls"
Document Class: mwbk 2009/09/27 v0.74 A LaTeX document class (MW)
*** Beta version. Formatting may change
*** in future versions of this class.
\l@nohyphenation=\language69
("D:\Program Files\_tex\miktex-portable-2.9.4757\tex\latex\mwcls\mwbk12.clo"
File: mwbk12.clo 2009/09/27 v0.74 A document class size option (MW)
)
\@parindent=\dimen102
\c@part=\count80
\c@chapter=\count81
\c@section=\count82
\c@subsection=\count83
\c@subsubsection=\count84
\c@paragraph=\count85
\c@subparagraph=\count86
\c@figure=\count87
\c@table=\count88
\abovecaptionskip=\skip41
\belowcaptionskip=\skip42
\bibindent=\dimen103
)
("D:\Program Files\_tex\miktex-portable-2.9.4757\tex\latex\geometry\geometry.st
y"
Package: geometry 2010/09/12 v5.6 Page Geometry

("D:\Program Files\_tex\miktex-portable-2.9.4757\tex\latex\graphics\keyval.sty"
Package: keyval 1999/03/16 v1.13 key=value parser (DPC)
\KV@toks@=\toks16
)
("D:\Program Files\_tex\miktex-portable-2.9.4757\tex\generic\oberdiek\ifpdf.sty
"
Package: ifpdf 2011/01/30 v2.3 Provides the ifpdf switch (HO)
Package ifpdf Info: pdfTeX in PDF mode is detected.
)
("D:\Program Files\_tex\miktex-portable-2.9.4757\tex\generic\oberdiek\ifvtex.st
y"
Package: ifvtex 2010/03/01 v1.5 Detect VTeX and its facilities (HO)
Package ifvtex Info: VTeX not detected.
)
("D:\Program Files\_tex\miktex-portable-2.9.4757\tex\generic\ifxetex\ifxetex.st
y"
Package: ifxetex 2010/09/12 v0.6 Provides ifxetex conditional
)
\Gm@cnth=\count89
\Gm@cntv=\count90
\c@Gm@tempcnt=\count91
\Gm@bindingoffset=\dimen104
\Gm@wd@mp=\dimen105
\Gm@odd@mp=\dimen106
\Gm@even@mp=\dimen107
\Gm@layoutwidth=\dimen108
\Gm@layoutheight=\dimen109
\Gm@layouthoffset=\dimen110
\Gm@layoutvoffset=\dimen111
\Gm@dimlist=\toks17

("D:\Program Files\_tex\miktex-portable-2.9.4757\tex\latex\geometry\geometry.cf
g"))
("D:\Program Files\_tex\miktex-portable-2.9.4757\tex\generic\babel\babel.sty"
Package: babel 2008/07/08 v3.8m The Babel package

*************************************
* Local config file bblopts.cfg used
*
("D:\Program Files\_tex\miktex-portable-2.9.4757\tex\latex\00miktex\bblopts.cfg
"
File: bblopts.cfg 2006/07/31 v1.0 MiKTeX 'babel' configuration
)
("D:\Program Files\_tex\miktex-portable-2.9.4757\tex\generic\babel\english.ldf"
Language: english 2005/03/30 v3.3o English support from the babel system
("D:\Program Files\_tex\miktex-portable-2.9.4757\tex\generic\babel\babel.def"
File: babel.def 2008/07/08 v3.8m Babel common definitions
\babel@savecnt=\count92
\U@D=\dimen112
)
\l@canadian = a dialect from \language\l@american 
\l@australian = a dialect from \language\l@british 
\l@newzealand = a dialect from \language\l@british 
) ("D:\Program Files\_tex\miktex-portable-2.9.4757\tex\generic\babel\polish.ldf
"
Language: polish 2005/03/31 v1.2l Polish support from the babel system
Package babel Info: Making " an active character on input line 83.
\pl@left=\dimen113
\pl@down=\dimen114
\pl@right=\dimen115
\pl@temp=\dimen116
)) ("D:\Program Files\_tex\miktex-portable-2.9.4757\tex\latex\base\inputenc.sty
"
Package: inputenc 2008/03/30 v1.1d Input encoding file
\inpenc@prehook=\toks18
\inpenc@posthook=\toks19
 ("D:\Program Files\_tex\miktex-portable-2.9.4757\tex\latex\base\cp1250.def"
File: cp1250.def 2008/03/30 v1.1d Input encoding file
))
("D:\Program Files\_tex\miktex-portable-2.9.4757\tex\latex\colortbl\colortbl.st
y"
Package: colortbl 2012/02/13 v1.0a Color table columns (DPC)
 ("D:\Program Files\_tex\miktex-portable-2.9.4757\tex\latex\tools\array.sty"
Package: array 2008/09/09 v2.4c Tabular extension package (FMi)
\col@sep=\dimen117
\extrarowheight=\dimen118
\NC@list=\toks20
\extratabsurround=\skip43
\backup@length=\skip44
) ("D:\Program Files\_tex\miktex-portable-2.9.4757\tex\latex\graphics\color.sty
"
Package: color 2005/11/14 v1.0j Standard LaTeX Color (DPC)
("D:\Program Files\_tex\miktex-portable-2.9.4757\tex\latex\00miktex\color.cfg"
File: color.cfg 2007/01/18 v1.5 color configuration of teTeX/TeXLive
)
Package color Info: Driver file: pdftex.def on input line 130.

("D:\Program Files\_tex\miktex-portable-2.9.4757\tex\latex\pdftex-def\pdftex.de
f"
File: pdftex.def 2011/05/27 v0.06d Graphics/color for pdfTeX

("D:\Program Files\_tex\miktex-portable-2.9.4757\tex\generic\oberdiek\infwarerr
.sty"
Package: infwarerr 2010/04/08 v1.3 Providing info/warning/error messages (HO)
)
("D:\Program Files\_tex\miktex-portable-2.9.4757\tex\generic\oberdiek\ltxcmds.s
ty"
Package: ltxcmds 2011/11/09 v1.22 LaTeX kernel commands for general use (HO)
)
\Gread@gobject=\count93
))
\everycr=\toks21
\minrowclearance=\skip45
)
("D:\Program Files\_tex\miktex-portable-2.9.4757\tex\latex\multirow\multirow.st
y"
\bigstrutjot=\dimen119
) ("D:\Program Files\_tex\miktex-portable-2.9.4757\tex\latex\tools\theorem.sty"
Package: theorem 1995/11/23 v2.2c Theorem extension package (FMi)
\theorem@style=\toks22
\theorem@bodyfont=\toks23
\theorempreskipamount=\skip46
\theorempostskipamount=\skip47
 ("D:\Program Files\_tex\miktex-portable-2.9.4757\tex\latex\tools\thp.sty"
File: thp.sty 1995/11/23 v2.2c Theorem extension package (FMi)
))
("D:\Program Files\_tex\miktex-portable-2.9.4757\tex\latex\tools\calc.sty"
Package: calc 2007/08/22 v4.3 Infix arithmetic (KKT,FJ)
\calc@Acount=\count94
\calc@Bcount=\count95
\calc@Adimen=\dimen120
\calc@Bdimen=\dimen121
\calc@Askip=\skip48
\calc@Bskip=\skip49
LaTeX Info: Redefining \setlength on input line 76.
LaTeX Info: Redefining \addtolength on input line 77.
\calc@Ccount=\count96
\calc@Cskip=\skip50
)
("D:\Program Files\_tex\miktex-portable-2.9.4757\tex\latex\graphics\graphicx.st
y"
Package: graphicx 1999/02/16 v1.0f Enhanced LaTeX Graphics (DPC,SPQR)

("D:\Program Files\_tex\miktex-portable-2.9.4757\tex\latex\graphics\graphics.st
y"
Package: graphics 2009/02/05 v1.0o Standard LaTeX Graphics (DPC,SPQR)
 ("D:\Program Files\_tex\miktex-portable-2.9.4757\tex\latex\graphics\trig.sty"
Package: trig 1999/03/16 v1.09 sin cos tan (DPC)
)
("D:\Program Files\_tex\miktex-portable-2.9.4757\tex\latex\00miktex\graphics.cf
g"
File: graphics.cfg 2007/01/18 v1.5 graphics configuration of teTeX/TeXLive
)
Package graphics Info: Driver file: pdftex.def on input line 91.
)
\Gin@req@height=\dimen122
\Gin@req@width=\dimen123
)
("D:\Program Files\_tex\miktex-portable-2.9.4757\tex\latex\fancyhdr\fancyhdr.st
y"
\fancy@headwidth=\skip51
\f@ncyO@elh=\skip52
\f@ncyO@erh=\skip53
\f@ncyO@olh=\skip54
\f@ncyO@orh=\skip55
\f@ncyO@elf=\skip56
\f@ncyO@erf=\skip57
\f@ncyO@olf=\skip58
\f@ncyO@orf=\skip59
)
("D:\Program Files\_tex\miktex-portable-2.9.4757\tex\latex\hyperref\hyperref.st
y"
Package: hyperref 2012/11/06 v6.83m Hypertext links for LaTeX

("D:\Program Files\_tex\miktex-portable-2.9.4757\tex\generic\oberdiek\hobsub-hy
perref.sty"
Package: hobsub-hyperref 2012/04/25 v1.12 Bundle oberdiek, subset hyperref (HO)


("D:\Program Files\_tex\miktex-portable-2.9.4757\tex\generic\oberdiek\hobsub-ge
neric.sty"
Package: hobsub-generic 2012/04/25 v1.12 Bundle oberdiek, subset generic (HO)
Package: hobsub 2012/04/25 v1.12 Construct package bundles (HO)
Package hobsub Info: Skipping package `infwarerr' (already loaded).
Package hobsub Info: Skipping package `ltxcmds' (already loaded).
Package: ifluatex 2010/03/01 v1.3 Provides the ifluatex switch (HO)
Package ifluatex Info: LuaTeX not detected.
Package hobsub Info: Skipping package `ifvtex' (already loaded).
Package: intcalc 2007/09/27 v1.1 Expandable calculations with integers (HO)
Package hobsub Info: Skipping package `ifpdf' (already loaded).
Package: etexcmds 2011/02/16 v1.5 Avoid name clashes with e-TeX commands (HO)
Package etexcmds Info: Could not find \expanded.
(etexcmds)             That can mean that you are not using pdfTeX 1.50 or
(etexcmds)             that some package has redefined \expanded.
(etexcmds)             In the latter case, load this package earlier.
Package: kvsetkeys 2012/04/25 v1.16 Key value parser (HO)
Package: kvdefinekeys 2011/04/07 v1.3 Define keys (HO)
Package: pdftexcmds 2011/11/29 v0.20 Utility functions of pdfTeX for LuaTeX (HO
)
Package pdftexcmds Info: LuaTeX not detected.
Package pdftexcmds Info: \pdf@primitive is available.
Package pdftexcmds Info: \pdf@ifprimitive is available.
Package pdftexcmds Info: \pdfdraftmode found.
Package: pdfescape 2011/11/25 v1.13 Implements pdfTeX's escape features (HO)
Package: bigintcalc 2012/04/08 v1.3 Expandable calculations on big integers (HO
)
Package: bitset 2011/01/30 v1.1 Handle bit-vector datatype (HO)
Package: uniquecounter 2011/01/30 v1.2 Provide unlimited unique counter (HO)
)
Package hobsub Info: Skipping package `hobsub' (already loaded).
Package: letltxmacro 2010/09/02 v1.4 Let assignment for LaTeX macros (HO)
Package: hopatch 2011/06/24 v1.1 Wrapper for package hooks (HO)
Package: xcolor-patch 2011/01/30 xcolor patch
Package: atveryend 2011/06/30 v1.8 Hooks at the very end of document (HO)
Package atveryend Info: \enddocument detected (standard20110627).
Package: atbegshi 2011/10/05 v1.16 At begin shipout hook (HO)
Package: refcount 2011/10/16 v3.4 Data extraction from label references (HO)
Package: hycolor 2011/01/30 v1.7 Color options for hyperref/bookmark (HO)
)
("D:\Program Files\_tex\miktex-portable-2.9.4757\tex\latex\oberdiek\auxhook.sty
"
Package: auxhook 2011/03/04 v1.3 Hooks for auxiliary files (HO)
)
("D:\Program Files\_tex\miktex-portable-2.9.4757\tex\latex\oberdiek\kvoptions.s
ty"
Package: kvoptions 2011/06/30 v3.11 Key value format for package options (HO)
)
\@linkdim=\dimen124
\Hy@linkcounter=\count97
\Hy@pagecounter=\count98

("D:\Program Files\_tex\miktex-portable-2.9.4757\tex\latex\hyperref\pd1enc.def"
File: pd1enc.def 2012/11/06 v6.83m Hyperref: PDFDocEncoding definition (HO)
)
\Hy@SavedSpaceFactor=\count99

("D:\Program Files\_tex\miktex-portable-2.9.4757\tex\latex\00miktex\hyperref.cf
g"
File: hyperref.cfg 2002/06/06 v1.2 hyperref configuration of TeXLive
)
Package hyperref Info: Option `plainpages' set `false' on input line 4319.
Package hyperref Info: Option `bookmarks' set `true' on input line 4319.
Package hyperref Info: Option `bookmarksnumbered' set `true' on input line 4319
.
Package hyperref Info: Option `breaklinks' set `true' on input line 4319.
Package hyperref Info: Option `colorlinks' set `false' on input line 4319.
Package hyperref Info: Hyper figures OFF on input line 4443.
Package hyperref Info: Link nesting OFF on input line 4448.
Package hyperref Info: Hyper index ON on input line 4451.
Package hyperref Info: Plain pages OFF on input line 4458.
Package hyperref Info: Backreferencing OFF on input line 4463.
Package hyperref Info: Implicit mode ON; LaTeX internals redefined.
Package hyperref Info: Bookmarks ON on input line 4688.
\c@Hy@tempcnt=\count100
 ("D:\Program Files\_tex\miktex-portable-2.9.4757\tex\latex\ltxmisc\url.sty"
\Urlmuskip=\muskip10
Package: url 2006/04/12  ver 3.3  Verb mode for urls, etc.
)
LaTeX Info: Redefining \url on input line 5041.
\XeTeXLinkMargin=\dimen125
\Fld@menulength=\count101
\Field@Width=\dimen126
\Fld@charsize=\dimen127
Package hyperref Info: Hyper figures OFF on input line 6295.
Package hyperref Info: Link nesting OFF on input line 6300.
Package hyperref Info: Hyper index ON on input line 6303.
Package hyperref Info: backreferencing OFF on input line 6310.
Package hyperref Info: Link coloring OFF on input line 6315.
Package hyperref Info: Link coloring with OCG OFF on input line 6320.
Package hyperref Info: PDF/A mode OFF on input line 6325.
LaTeX Info: Redefining \ref on input line 6365.
LaTeX Info: Redefining \pageref on input line 6369.
\Hy@abspage=\count102
\c@Item=\count103
\c@Hfootnote=\count104
)

Package hyperref Message: Driver: hpdftex.

("D:\Program Files\_tex\miktex-portable-2.9.4757\tex\latex\hyperref\hpdftex.def
"
File: hpdftex.def 2012/11/06 v6.83m Hyperref driver for pdfTeX
\Fld@listcount=\count105
\c@bookmark@seq@number=\count106

("D:\Program Files\_tex\miktex-portable-2.9.4757\tex\latex\oberdiek\rerunfilech
eck.sty"
Package: rerunfilecheck 2011/04/15 v1.7 Rerun checks for auxiliary files (HO)
Package uniquecounter Info: New unique counter `rerunfilecheck' on input line 2
82.
)
\Hy@SectionHShift=\skip60
)
\fnBreite=\skip61

("D:\Program Files\_tex\miktex-portable-2.9.4757\tex\latex\tools\thb.sty"
File: thb.sty 1995/11/23 v2.2c Theorem extension package (FMi)
)
\c@definition=\count107
)
("D:\Program Files\_tex\miktex-portable-2.9.4757\tex\latex\polski\polski.sty"
Package: polski 2008/02/24 v1.3.3 Polish language package

Document language package `polski' v1.3.3 <2008/02/24>
   Inputenc package detected. Catcodes not changed.
   Switching to Polish text encoding and Polish maths fonts.
("D:\Program Files\_tex\miktex-portable-2.9.4757\tex\latex\base\ot4enc.def"
File: ot4enc.def 2005/09/27 v1.99g Standard LaTeX file
)
LaTeX Font Info:    Try loading font information for OT4+cmr on input line 346.


("D:\Program Files\_tex\miktex-portable-2.9.4757\tex\latex\polski\ot4cmr.fd"
File: ot4cmr.fd 2008/02/24 v1.2.1 Font defs for fonts PL (MW)
)
LaTeX Font Info:    Overwriting math alphabet `\mathbf' in version `normal'
(Font)                  OT1/cmr/bx/n --> OT4/cmr/bx/n on input line 346.
LaTeX Font Info:    Overwriting math alphabet `\mathsf' in version `normal'
(Font)                  OT1/cmss/m/n --> OT4/cmss/m/n on input line 346.
LaTeX Font Info:    Overwriting math alphabet `\mathit' in version `normal'
(Font)                  OT1/cmr/m/it --> OT4/cmr/m/it on input line 346.
LaTeX Font Info:    Overwriting math alphabet `\mathtt' in version `normal'
(Font)                  OT1/cmtt/m/n --> OT4/cmtt/m/n on input line 346.
LaTeX Font Info:    Overwriting math alphabet `\mathsf' in version `bold'
(Font)                  OT1/cmss/bx/n --> OT4/cmss/bx/n on input line 346.
LaTeX Font Info:    Overwriting math alphabet `\mathit' in version `bold'
(Font)                  OT1/cmr/bx/it --> OT4/cmr/bx/it on input line 346.
LaTeX Font Info:    Encoding `OT1' has changed to `OT4' for symbol font
(Font)              `operators' in the math version `normal' on input line 346.

LaTeX Font Info:    Overwriting symbol font `operators' in version `normal'
(Font)                  OT1/cmr/m/n --> OT4/cmr/m/n on input line 346.
LaTeX Font Info:    Overwriting symbol font `letters' in version `normal'
(Font)                  OML/cmm/m/it --> OML/plm/m/it on input line 346.
LaTeX Font Info:    Overwriting symbol font `symbols' in version `normal'
(Font)                  OMS/cmsy/m/n --> OMS/plsy/m/n on input line 346.
LaTeX Font Info:    Overwriting symbol font `largesymbols' in version `normal'
(Font)                  OMX/cmex/m/n --> OMX/plex/m/n on input line 346.
LaTeX Font Info:    Encoding `OT1' has changed to `OT4' for symbol font
(Font)              `operators' in the math version `bold' on input line 346.
LaTeX Font Info:    Overwriting symbol font `operators' in version `bold'
(Font)                  OT1/cmr/bx/n --> OT4/cmr/bx/n on input line 346.
LaTeX Font Info:    Overwriting symbol font `letters' in version `bold'
(Font)                  OML/cmm/b/it --> OML/plm/b/it on input line 346.
LaTeX Font Info:    Overwriting symbol font `symbols' in version `bold'
(Font)                  OMS/cmsy/b/n --> OMS/plsy/b/n on input line 346.
)
("D:\SkyDrive\dyplom mgr\praca latex\main.aux")
LaTeX Font Info:    Checking defaults for OML/cmm/m/it on input line 11.
LaTeX Font Info:    ... okay on input line 11.
LaTeX Font Info:    Checking defaults for T1/cmr/m/n on input line 11.
LaTeX Font Info:    ... okay on input line 11.
LaTeX Font Info:    Checking defaults for OT1/cmr/m/n on input line 11.
LaTeX Font Info:    ... okay on input line 11.
LaTeX Font Info:    Checking defaults for OMS/cmsy/m/n on input line 11.
LaTeX Font Info:    ... okay on input line 11.
LaTeX Font Info:    Checking defaults for OMX/cmex/m/n on input line 11.
LaTeX Font Info:    ... okay on input line 11.
LaTeX Font Info:    Checking defaults for U/cmr/m/n on input line 11.
LaTeX Font Info:    ... okay on input line 11.
LaTeX Font Info:    Checking defaults for PD1/pdf/m/n on input line 11.
LaTeX Font Info:    ... okay on input line 11.
LaTeX Font Info:    Checking defaults for OT4/cmr/m/n on input line 11.
LaTeX Font Info:    ... okay on input line 11.

*geometry* driver: auto-detecting
*geometry* detected driver: pdftex
*geometry* verbose mode - [ preamble ] result:
* driver: pdftex
* paper: a4paper
* layout: <same size as paper>
* layoutoffset:(h,v)=(0.0pt,0.0pt)
* bindingoffset: 14.22636pt
* modes: twoside 
* h-part:(L,W,R)=(71.13188pt, 441.01775pt, 71.13188pt)
* v-part:(T,H,B)=(71.13188pt, 702.78308pt, 71.13188pt)
* \paperwidth=597.50787pt
* \paperheight=845.04684pt
* \textwidth=441.01775pt
* \textheight=702.78308pt
* \oddsidemargin=13.08826pt
* \evensidemargin=-1.1381pt
* \topmargin=-32.70993pt
* \headheight=14.5pt
* \headsep=17.07182pt
* \topskip=12.0pt
* \footskip=29.0pt
* \marginparwidth=0.0pt
* \marginparsep=0.0pt
* \columnsep=25.6802pt
* \skip\footins=10.8pt plus 4.0pt minus 2.0pt
* \hoffset=0.0pt
* \voffset=0.0pt
* \mag=1000
* \@twocolumnfalse
* \@twosidetrue
* \@mparswitchtrue
* \@reversemarginfalse
* (1in=72.27pt=25.4mm, 1cm=28.453pt)

("D:\Program Files\_tex\miktex-portable-2.9.4757\tex\context\base\supp-pdf.mkii
"
[Loading MPS to PDF converter (version 2006.09.02).]
\scratchcounter=\count108
\scratchdimen=\dimen128
\scratchbox=\box28
\nofMPsegments=\count109
\nofMParguments=\count110
\everyMPshowfont=\toks24
\MPscratchCnt=\count111
\MPscratchDim=\dimen129
\MPnumerator=\count112
\makeMPintoPDFobject=\count113
\everyMPtoPDFconversion=\toks25
)
\AtBeginShipoutBox=\box29
Package hyperref Info: Link coloring OFF on input line 11.

("D:\Program Files\_tex\miktex-portable-2.9.4757\tex\latex\hyperref\nameref.sty
"
Package: nameref 2012/10/27 v2.43 Cross-referencing by name of section

("D:\Program Files\_tex\miktex-portable-2.9.4757\tex\generic\oberdiek\gettitles
tring.sty"
Package: gettitlestring 2010/12/03 v1.4 Cleanup title references (HO)
)
\c@section@level=\count114
)
LaTeX Info: Redefining \ref on input line 11.
LaTeX Info: Redefining \pageref on input line 11.
LaTeX Info: Redefining \nameref on input line 11.
 ("D:\SkyDrive\dyplom mgr\praca latex\main.out")
("D:\SkyDrive\dyplom mgr\praca latex\main.out")
\@outlinefile=\write3

<logos/pwr.png, id=35, 543.02875pt x 115.43124pt>
File: logos/pwr.png Graphic file (type png)
 <use logos/pwr.png>
Package pdftex.def Info: logos/pwr.png used on input line 37.
(pdftex.def)             Requested size: 265.17989pt x 56.37157pt.
LaTeX Font Info:    Try loading font information for OML+plm on input line 37.

("D:\Program Files\_tex\miktex-portable-2.9.4757\tex\latex\polski\omlplm.fd"
File: omlplm.fd 2008/02/24 v1.2.1 Font defs for fonts PL (MW)
)
LaTeX Font Info:    Try loading font information for OMS+plsy on input line 37.


("D:\Program Files\_tex\miktex-portable-2.9.4757\tex\latex\polski\omsplsy.fd"
File: omsplsy.fd 2008/02/24 v1.2.1 Font defs for fonts PL (MW)
)
LaTeX Font Info:    Try loading font information for OMX+plex on input line 37.


("D:\Program Files\_tex\miktex-portable-2.9.4757\tex\latex\polski\omxplex.fd"
File: omxplex.fd 2008/02/24 v1.2.1 Font defs for fonts PL (MW)
)
LaTeX Font Info:    External font `plex10' loaded for size
(Font)              <12> on input line 37.
LaTeX Font Info:    External font `plex10' loaded for size
(Font)              <8> on input line 37.
LaTeX Font Info:    External font `plex10' loaded for size
(Font)              <6> on input line 37.

Overfull \hbox (3.91287pt too wide) in paragraph at lines 37--37
[]|[]| 
 []


Overfull \hbox (11.931pt too wide) in alignment at lines 37--37
[][][] 
 []

[1

{D:/Program Files/_tex/miktex-portable-2.9.4757/pdftex/config/pdftex.map} <D:/S
kyDrive/dyplom mgr/praca latex/logos/pwr.png>]
Underfull \hbox (badness 10000) in paragraph at lines 37--37

 []

[2

] ("D:\SkyDrive\dyplom mgr\praca latex\main.toc"
LaTeX Font Info:    External font `plex10' loaded for size
(Font)              <10.95> on input line 6.
)
\tf@toc=\write4
 [3

] [4

]
Rozdzia\l  1.
("D:\SkyDrive\dyplom mgr\praca latex\chapters/1wstep.tex" [1




]
Underfull \vbox (badness 10000) has occurred while \output is active []

 [2]
Underfull \vbox (badness 10000) has occurred while \output is active []

 [3]
Underfull \vbox (badness 10000) has occurred while \output is active []

 [4])
[5] [6

]
Rozdzia\l  2.
("D:\SkyDrive\dyplom mgr\praca latex\chapters/2rozdzial-drugi.tex"
Underfull \vbox (badness 10000) has occurred while \output is active []

 [7]
Underfull \vbox (badness 10000) has occurred while \output is active []

 [8]
Underfull \vbox (badness 10000) has occurred while \output is active []

 [9]
Underfull \vbox (badness 10000) has occurred while \output is active []

 [10])
[11] [12

] ("D:\SkyDrive\dyplom mgr\praca latex\main.lof")
\tf@lof=\write5
 [13] [14

]
("D:\SkyDrive\dyplom mgr\praca latex\main.lot")
\tf@lot=\write6

("D:\SkyDrive\dyplom mgr\praca latex\main.bbl" [15] [16

]
Underfull \hbox (badness 10000) in paragraph at lines 4--7
[]\OT4/cmr/m/n/10.95 Bramwell A.  \OT4/cmr/m/it/10.95 He-li-cop-ter Dy-na-mics 
Se-cond Edi-tion\OT4/cmr/m/n/10.95 .  Addison-Wesley,
 []

) [17] [18

]
Dodatek A.
Package atveryend Info: Empty hook `BeforeClearDocument' on input line 59.
[19]
Package atveryend Info: Empty hook `AfterLastShipout' on input line 59.
 ("D:\SkyDrive\dyplom mgr\praca latex\main.aux")
Package atveryend Info: Executing hook `AtVeryEndDocument' on input line 59.
Package atveryend Info: Executing hook `AtEndAfterFileList' on input line 59.
Package rerunfilecheck Info: File `main.out' has not changed.
(rerunfilecheck)             Checksum: 3C155D3164F74D4EA6AE2165E3837059;485.
Package atveryend Info: Empty hook `AtVeryVeryEnd' on input line 59.
 ) 
Here is how much of TeX's memory you used:
 6745 strings out of 493921
 100578 string characters out of 3133992
 196411 words of memory out of 3000000
 9867 multiletter control sequences out of 15000+200000
 15733 words of font info for 42 fonts, out of 3000000 for 9000
 841 hyphenation exceptions out of 8191
 41i,19n,45p,986b,391s stack positions out of 5000i,500n,10000p,200000b,50000s
{D:/Program Files/_tex/miktex-portable-2.9.4757/fonts/enc/dvips/pl/plms.enc}{
D:/Program Files/_tex/miktex-portable-2.9.4757/fonts/enc/dvips/pl/plrm.enc}{D:/
Program Files/_tex/miktex-portable-2.9.4757/fonts/enc/dvips/pl/plit.enc}{D:/Pro
gram Files/_tex/miktex-portable-2.9.4757/fonts/enc/dvips/pl/plsc.enc}<D:/Progra
m Files/_tex/miktex-portable-2.9.4757/fonts/type1/public/pl/plbx10.pfb><D:/Prog
ram Files/_tex/miktex-portable-2.9.4757/fonts/type1/public/pl/plbx12.pfb><D:/Pr
ogram Files/_tex/miktex-portable-2.9.4757/fonts/type1/public/pl/plcsc10.pfb><D:
/Program Files/_tex/miktex-portable-2.9.4757/fonts/type1/public/pl/plr10.pfb><D
:/Program Files/_tex/miktex-portable-2.9.4757/fonts/type1/public/pl/plr12.pfb><
D:/Program Files/_tex/miktex-portable-2.9.4757/fonts/type1/public/pl/plr17.pfb>
<D:/Program Files/_tex/miktex-portable-2.9.4757/fonts/type1/public/pl/plr8.pfb>
<D:/Program Files/_tex/miktex-portable-2.9.4757/fonts/type1/public/pl/plsy10.pf
b><D:/Program Files/_tex/miktex-portable-2.9.4757/fonts/type1/public/pl/plti10.
pfb><D:/Program Files/_tex/miktex-portable-2.9.4757/fonts/type1/public/pl/plti8
.pfb>
Output written on main.pdf (23 pages, 155906 bytes).
PDF statistics:
 213 PDF objects out of 1000 (max. 8388607)
 41 named destinations out of 1000 (max. 500000)
 70 words of extra memory for PDF output out of 10000 (max. 10000000)

