\BOOKMARK [0][-]{section*.2}{Rozdzia\233 1. Wstep}{}% 1
\BOOKMARK [1][-]{section.1.1}{1.1. \040Cele pracy}{section*.2}% 2
\BOOKMARK [1][-]{section.1.2}{1.2. \040Zwiazek z innymi pracami}{section*.2}% 3
\BOOKMARK [1][-]{section.1.3}{1.3. \040Struktura pracy}{section*.2}% 4
\BOOKMARK [0][-]{section*.5}{Rozdzia\233 2. Wprowadzenie}{}% 5
\BOOKMARK [1][-]{section.2.1}{2.1. \040Rola metryk w inzynierii oprogramowania}{section*.5}% 6
\BOOKMARK [1][-]{section.2.2}{2.2. \040Systemy kontroli wersji jako zr\363d\233o danych o projektach}{section*.5}% 7
\BOOKMARK [1][-]{section.2.3}{2.3. \040Wyciaganie i linkowanie bug\363w \(przeredagowac tytu\233\)}{section*.5}% 8
\BOOKMARK [2][-]{subsection.2.3.1}{2.3.1. \040metody}{section.2.3}% 9
\BOOKMARK [1][-]{section.2.4}{2.4. \040Sformu\233owanie problemu}{section*.5}% 10
\BOOKMARK [2][-]{subsection.2.4.1}{2.4.1. \040Koszty zapewnienia jakosci}{section.2.4}% 11
\BOOKMARK [2][-]{subsection.2.4.2}{2.4.2. \040Przeznaczenie narzedzi}{section.2.4}% 12
\BOOKMARK [2][-]{subsection.2.4.3}{2.4.3. \040Wymagania}{section.2.4}% 13
\BOOKMARK [2][-]{subsection.2.4.4}{2.4.4. \040Ograniczenia dotyczace realizacji}{section.2.4}% 14
\BOOKMARK [2][-]{subsection.2.4.5}{2.4.5. \040Mozliwosci realizacji zadan}{section.2.4}% 15
\BOOKMARK [2][-]{subsection.2.4.6}{2.4.6. \040Metoda oceny}{section.2.4}% 16
\BOOKMARK [0][-]{section*.6}{Rozdzia\233 3. Om\363wienie infrastruktury pomiarowej}{}% 17
\BOOKMARK [1][-]{section.3.1}{3.1. \040Knime}{section*.6}% 18
\BOOKMARK [2][-]{subsection.3.1.1}{3.1.1. \040DePress}{section.3.1}% 19
\BOOKMARK [1][-]{section.3.2}{3.2. \040Weka}{section*.6}% 20
\BOOKMARK [1][-]{section.3.3}{3.3. \040AstCompare \(roboczo\)}{section*.6}% 21
\BOOKMARK [2][-]{subsection.3.3.1}{3.3.1. \040Wymagania}{section.3.3}% 22
\BOOKMARK [2][-]{subsection.3.3.2}{3.3.2. \040Implementacja}{section.3.3}% 23
\BOOKMARK [2][-]{subsection.3.3.3}{3.3.3. \040Testowanie i gromadzenie danych}{section.3.3}% 24
\BOOKMARK [2][-]{subsection.3.3.4}{3.3.4. \040Om\363wienie zebranych danych pomiarowych}{section.3.3}% 25
\BOOKMARK [0][-]{section*.9}{Rozdzia\233 4. Modele predykcji i ich ewaluacja}{}% 26
\BOOKMARK [1][-]{section.4.1}{4.1. \040Ocena rozwiazania}{section*.9}% 27
\BOOKMARK [0][-]{section*.10}{Rozdzia\233 5. Podsumowanie i propozycja dalszych badan}{}% 28
\BOOKMARK [0][-]{section*.12}{Spis ilustracji}{}% 29
\BOOKMARK [0][-]{section*.14}{Spis tabel}{}% 30
\BOOKMARK [0][-]{section*.16}{Bibliografia}{}% 31
\BOOKMARK [0][-]{section*.17}{Dodatek A. Cos dodatkowego}{}% 32
